29.06.2023 15:17:07,'auth_init': success
29.06.2023 15:17:07,'book_init': success
29.06.2023 15:17:07,'student_init': success
29.06.2023 15:18:09,'auth_checkUserWithEcho': logged user - 'admin2'
29.06.2023 15:18:09,'cli': Logged as 'admin2'
29.06.2023 15:20:00,'auth_init': success
29.06.2023 15:20:00,'book_init': success
29.06.2023 15:20:00,'student_init': success
29.06.2023 15:20:05,'auth_checkUserWithEcho': logged user - 'admin2'
29.06.2023 15:20:05,'cli': Logged as 'admin2'
29.06.2023 15:24:14,'auth_init': success
29.06.2023 15:24:14,'book_init': success
29.06.2023 15:24:14,'student_init': success
29.06.2023 15:24:19,'auth_checkUserWithEcho': logged user - 'admin2'
29.06.2023 15:24:19,'cli': Logged as 'admin2'
29.06.2023 15:40:48,'auth_init': success
29.06.2023 15:40:48,'book_init': success
29.06.2023 15:40:48,'student_init': success
29.06.2023 15:40:55,'auth_checkUserWithEcho': logged user - 'admin2'
29.06.2023 15:40:55,'cli': Logged as 'admin2'
29.06.2023 15:43:22,'auth_init': success
29.06.2023 15:43:22,'book_init': success
29.06.2023 15:43:22,'student_init': success
29.06.2023 15:43:27,'auth_checkUserWithEcho': logged user - 'admin2'
29.06.2023 15:43:27,'cli': Logged as 'admin2'
29.06.2023 15:56:39,'auth_init': success
29.06.2023 15:56:39,'book_init': success
29.06.2023 15:56:39,'student_init': success
29.06.2023 15:58:07,'auth_init': success
29.06.2023 15:58:07,'book_init': success
29.06.2023 15:58:07,'student_init': success
29.06.2023 15:58:14,'auth_checkUserWithEcho': logged user - 'admin2'
29.06.2023 15:58:14,'cli': Logged as 'admin2'
29.06.2023 15:58:57,'student_edit' err: student doesn't exist
